<?xml version="1.0" encoding="UTF-8"?>
<!-- Generated by org.testng.reporters.JUnitReportReporter -->
<testsuite name="Seleium.JavaDemo.TestNG.NewTestNG" tests="1" time="0.007" ignored="0" failures="0" timestamp="16 Feb 2020 15:58:38 GMT" skipped="0" hostname="ZNS-PC" errors="0">
  <testcase name="f" time="0.007" classname="Seleium.JavaDemo.TestNG.NewTestNG"/>
</testsuite> <!-- Seleium.JavaDemo.TestNG.NewTestNG -->
