<?xml version="1.0" encoding="UTF-8"?>
<!-- Generated by org.testng.reporters.JUnitReportReporter -->
<testsuite name="Seleium.JavaDemo.TextNG.NewTest" tests="2" time="6.341" ignored="0" failures="0" timestamp="20 Feb 2020 18:48:37 GMT" skipped="0" hostname="ZNS-PC" errors="0">
  <testcase name="myFirstTestCase" time="0.020" classname="Seleium.JavaDemo.TextNG.NewTest"/>
  <testcase name="mysenondirstTestCase" time="6.321" classname="Seleium.JavaDemo.TextNG.NewTest"/>
</testsuite> <!-- Seleium.JavaDemo.TextNG.NewTest -->
